  testCanny.cpp
d:\githubfiles\projects\testcanny2\testcanny\testcanny\testcanny.cpp(44): warning C4244: “参数”: 从“float”转换到“int”，可能丢失数据
d:\githubfiles\projects\testcanny2\testcanny\testcanny\testcanny.cpp(46): warning C4244: “参数”: 从“float”转换到“int”，可能丢失数据
d:\githubfiles\projects\testcanny2\testcanny\testcanny\testcanny.cpp(64): error C2059: 语法错误:“--”
d:\githubfiles\projects\testcanny2\testcanny\testcanny\testcanny.cpp(67): error C2143: 语法错误: 缺少“;”(在“{”的前面)
d:\githubfiles\projects\testcanny2\testcanny\testcanny\testcanny.cpp(67): error C2447: “{”: 缺少函数标题(是否是老式的形式表?)
d:\githubfiles\projects\testcanny2\testcanny\testcanny\testcanny.cpp(124): fatal error C1004: 发现意外的文件尾
